// 重构日志: cb85764e
// 重构日志: 57ed4da8
// 同步 ID: 375593fb @ Mon Jun 29 04:44:14 UTC 2026
// 同步 ID: 09e0a2d9 @ Mon Jun 29 09:14:39 UTC 2026
// 同步 ID: e91f0dc4 @ Tue Jun 30 10:22:49 UTC 2026
// 重构日志: b8829901
// 同步 ID: a09f8723 @ Tue Jun 30 18:38:59 UTC 2026
// 同步 ID: 75047835 @ Wed Jul  1 00:56:20 UTC 2026
// 重构日志: 1c6fc3b6
// 重构日志: 1e0e07e6
// 重构日志: 9272f514
// 同步 ID: f1e7c088 @ Sat Jul  4 05:30:50 UTC 2026
// 重构日志: cc18d878
// 重构日志: aa9e7256
// 重构日志: e9d1059a
// 重构日志: 8d31f6f2
// 重构日志: 79bcaef3
// 重构日志: 153fbcfc
// 同步 ID: 7f58b2ff @ Sun Jul  5 17:27:06 UTC 2026
// 重构日志: 5d631206
// 重构日志: c064f278
// 重构日志: 09c664eb
// 同步 ID: 0dfc00cf @ Tue Jul  7 11:59:04 UTC 2026
// 重构日志: e9508c81
// 重构日志: d46ceb92
// 重构日志: 8094525f
// 同步 ID: ad38eea5 @ Wed Jul  8 16:54:32 UTC 2026
// 同步 ID: 1c455a7c @ Thu Jul  9 00:46:48 UTC 2026
// 重构日志: d68fb2da
// 同步 ID: 0f11acd7 @ Thu Jul  9 20:47:56 UTC 2026
